<?xml version="1.0" encoding="UTF-8"?>
<testng-results skipped="0" failed="0" total="2" passed="2">
  <reporter-output>
    <line>
      <![CDATA[setting up report and test started]]>
    </line>
    <line>
      <![CDATA[settings done- test can be started]]>
    </line>
    <line>
      <![CDATA[trying to start browser and application ready]]>
    </line>
    <line>
      <![CDATA[browser and application ready]]>
    </line>
    <line>
      <![CDATA[test is about to end]]>
    </line>
    <line>
      <![CDATA[test completed >> reports generated]]>
    </line>
    <line>
      <![CDATA[test is about to end]]>
    </line>
    <line>
      <![CDATA[test completed >> reports generated]]>
    </line>
  </reporter-output>
  <suite name="NewFramework" duration-ms="30025" started-at="2020-04-29T17:57:16Z" finished-at="2020-04-29T17:57:46Z">
    <groups>
    </groups>
    <test name="NewFramework" duration-ms="30025" started-at="2020-04-29T17:57:16Z" finished-at="2020-04-29T17:57:46Z">
      <class name="com.automation.testcases.LoginTestCRM">
        <test-method status="PASS" signature="setUpSuite()[pri:0, instance:com.automation.testcases.LoginTestCRM@3f0ee7cb]" name="setUpSuite" is-config="true" duration-ms="4926" started-at="2020-04-29T23:27:11Z" finished-at="2020-04-29T23:27:16Z">
          <reporter-output>
            <line>
              <![CDATA[setting up report and test started]]>
            </line>
            <line>
              <![CDATA[settings done- test can be started]]>
            </line>
          </reporter-output>
        </test-method> <!-- setUpSuite -->
        <test-method status="PASS" signature="setUp()[pri:0, instance:com.automation.testcases.LoginTestCRM@3f0ee7cb]" name="setUp" is-config="true" duration-ms="21924" started-at="2020-04-29T23:27:16Z" finished-at="2020-04-29T23:27:38Z">
          <reporter-output>
            <line>
              <![CDATA[trying to start browser and application ready]]>
            </line>
            <line>
              <![CDATA[browser and application ready]]>
            </line>
          </reporter-output>
        </test-method> <!-- setUp -->
        <test-method status="PASS" signature="loginApp()[pri:0, instance:com.automation.testcases.LoginTestCRM@3f0ee7cb]" name="loginApp" duration-ms="4010" started-at="2020-04-29T23:27:38Z" finished-at="2020-04-29T23:27:42Z">
          <reporter-output>
          </reporter-output>
        </test-method> <!-- loginApp -->
        <test-method status="PASS" signature="teardownMethod(org.testng.ITestResult)[pri:0, instance:com.automation.testcases.LoginTestCRM@3f0ee7cb]" name="teardownMethod" is-config="true" duration-ms="575" started-at="2020-04-29T23:27:42Z" finished-at="2020-04-29T23:27:43Z">
          <params>
            <param index="0">
              <value>
                <![CDATA[[TestResult name=loginApp status=SUCCESS method=LoginTestCRM.loginApp()[pri:0, instance:com.automation.testcases.LoginTestCRM@3f0ee7cb] output={null}]]]>
              </value>
            </param>
          </params>
          <reporter-output>
            <line>
              <![CDATA[test is about to end]]>
            </line>
            <line>
              <![CDATA[test completed >> reports generated]]>
            </line>
          </reporter-output>
        </test-method> <!-- teardownMethod -->
        <test-method status="PASS" signature="loginApp1()[pri:0, instance:com.automation.testcases.LoginTestCRM@3f0ee7cb]" name="loginApp1" duration-ms="0" started-at="2020-04-29T23:27:43Z" finished-at="2020-04-29T23:27:43Z">
          <reporter-output>
          </reporter-output>
        </test-method> <!-- loginApp1 -->
        <test-method status="PASS" signature="teardownMethod(org.testng.ITestResult)[pri:0, instance:com.automation.testcases.LoginTestCRM@3f0ee7cb]" name="teardownMethod" is-config="true" duration-ms="380" started-at="2020-04-29T23:27:43Z" finished-at="2020-04-29T23:27:43Z">
          <params>
            <param index="0">
              <value>
                <![CDATA[[TestResult name=loginApp1 status=SUCCESS method=LoginTestCRM.loginApp1()[pri:0, instance:com.automation.testcases.LoginTestCRM@3f0ee7cb] output={null}]]]>
              </value>
            </param>
          </params>
          <reporter-output>
            <line>
              <![CDATA[test is about to end]]>
            </line>
            <line>
              <![CDATA[test completed >> reports generated]]>
            </line>
          </reporter-output>
        </test-method> <!-- teardownMethod -->
        <test-method status="PASS" signature="tearDown()[pri:0, instance:com.automation.testcases.LoginTestCRM@3f0ee7cb]" name="tearDown" is-config="true" duration-ms="3091" started-at="2020-04-29T23:27:43Z" finished-at="2020-04-29T23:27:46Z">
          <reporter-output>
          </reporter-output>
        </test-method> <!-- tearDown -->
      </class> <!-- com.automation.testcases.LoginTestCRM -->
    </test> <!-- NewFramework -->
  </suite> <!-- NewFramework -->
</testng-results>
